Determining if the pthread_create exist failed with the following output:
Change Dir: /home/josmiranda/ros/build/CMakeFiles/CMakeTmp

Run Build Command:"/usr/bin/make" "cmTC_d57df/fast"
/usr/bin/make -f CMakeFiles/cmTC_d57df.dir/build.make CMakeFiles/cmTC_d57df.dir/build
make[1]: Entering directory `/home/josmiranda/ros/build/CMakeFiles/CMakeTmp'
Building C object CMakeFiles/cmTC_d57df.dir/CheckSymbolExists.c.o
/usr/bin/cc    -o CMakeFiles/cmTC_d57df.dir/CheckSymbolExists.c.o   -c /home/josmiranda/ros/build/CMakeFiles/CMakeTmp/CheckSymbolExists.c
Linking C executable cmTC_d57df
/usr/local/bin/cmake -E cmake_link_script CMakeFiles/cmTC_d57df.dir/link.txt --verbose=1
/usr/bin/cc       CMakeFiles/cmTC_d57df.dir/CheckSymbolExists.c.o  -o cmTC_d57df -rdynamic 
CMakeFiles/cmTC_d57df.dir/CheckSymbolExists.c.o: In function `main':
CheckSymbolExists.c:(.text+0x16): undefined reference to `pthread_create'
collect2: error: ld returned 1 exit status
make[1]: *** [cmTC_d57df] Error 1
make[1]: Leaving directory `/home/josmiranda/ros/build/CMakeFiles/CMakeTmp'
make: *** [cmTC_d57df/fast] Error 2

File /home/josmiranda/ros/build/CMakeFiles/CMakeTmp/CheckSymbolExists.c:
/* */
#include <pthread.h>

int main(int argc, char** argv)
{
  (void)argv;
#ifndef pthread_create
  return ((int*)(&pthread_create))[argc];
#else
  (void)argc;
  return 0;
#endif
}

Determining if the function pthread_create exists in the pthreads failed with the following output:
Change Dir: /home/josmiranda/ros/build/CMakeFiles/CMakeTmp

Run Build Command:"/usr/bin/make" "cmTC_bb316/fast"
/usr/bin/make -f CMakeFiles/cmTC_bb316.dir/build.make CMakeFiles/cmTC_bb316.dir/build
make[1]: Entering directory `/home/josmiranda/ros/build/CMakeFiles/CMakeTmp'
Building C object CMakeFiles/cmTC_bb316.dir/CheckFunctionExists.c.o
/usr/bin/cc   -DCHECK_FUNCTION_EXISTS=pthread_create   -o CMakeFiles/cmTC_bb316.dir/CheckFunctionExists.c.o   -c /usr/local/share/cmake-3.3/Modules/CheckFunctionExists.c
Linking C executable cmTC_bb316
/usr/local/bin/cmake -E cmake_link_script CMakeFiles/cmTC_bb316.dir/link.txt --verbose=1
/usr/bin/cc   -DCHECK_FUNCTION_EXISTS=pthread_create    CMakeFiles/cmTC_bb316.dir/CheckFunctionExists.c.o  -o cmTC_bb316 -rdynamic -lpthreads 
/usr/bin/ld: cannot find -lpthreads
collect2: error: ld returned 1 exit status
make[1]: *** [cmTC_bb316] Error 1
make[1]: Leaving directory `/home/josmiranda/ros/build/CMakeFiles/CMakeTmp'
make: *** [cmTC_bb316/fast] Error 2


